{"assets/app.js":{"path":"assets/app.js","s":{"1":1,"2":1},"b":{},"f":{"1":1},"fnMap":{"1":{"name":"(anonymous_1)","line":1,"loc":{"start":{"line":1,"column":11},"end":{"line":1,"column":21}}}},"statementMap":{"1":{"start":{"line":1,"column":0},"end":{"line":4,"column":3}},"2":{"start":{"line":3,"column":1},"end":{"line":3,"column":26}}},"branchMap":{}},"assets/require-config.js":{"path":"assets/require-config.js","s":{"1":1,"2":1},"b":{},"f":{"1":1},"fnMap":{"1":{"name":"(anonymous_1)","line":16,"loc":{"start":{"line":16,"column":17},"end":{"line":16,"column":32}}}},"statementMap":{"1":{"start":{"line":2,"column":0},"end":{"line":13,"column":3}},"2":{"start":{"line":16,"column":0},"end":{"line":18,"column":3}}},"branchMap":{}}}